<?xml version="1.0" encoding="UTF-8"?>
<!-- Generated by org.testng.reporters.JUnitReportReporter -->
<testsuite hostname="DESKTOP-5S4BVUO" failures="0" tests="1" name="com.practice.LoginTest" time="5.987" errors="0" timestamp="2022-05-31T15:34:30 IST" skipped="0">
  <testcase classname="com.practice.LoginTest" name="loginTest" time="5.987"/>
  <system-out/>
</testsuite> <!-- com.practice.LoginTest -->
