<?xml version="1.0" encoding="UTF-8"?>
<!-- Generated by org.testng.reporters.JUnitReportReporter -->
<testsuite hostname="DESKTOP-5S4BVUO" failures="0" tests="1" name="com.practice.PracticeClassTest" time="0.010" errors="0" timestamp="2022-05-31T15:34:30 IST" skipped="0">
  <testcase classname="com.practice.PracticeClassTest" name="practiceMethodTest" time="0.010"/>
  <system-out>
    <![CDATA[testNg practice class
test case is passed]]>
  </system-out>
</testsuite> <!-- com.practice.PracticeClassTest -->
