<?xml version="1.0" encoding="UTF-8"?>
<!-- Generated by org.testng.reporters.JUnitReportReporter -->
<testsuite hostname="DESKTOP-5S4BVUO" failures="0" tests="1" name="com.practice.CreateContactTest" time="19.035" errors="0" timestamp="2022-05-31T15:34:30 IST" skipped="0">
  <testcase classname="com.practice.CreateContactTest" name="createContactTest" time="19.035"/>
  <system-out/>
</testsuite> <!-- com.practice.CreateContactTest -->
